INFO:root:git installed and working fine
INFO:root:python3 installed and working fine
INFO:root:clustalo installed and working fine
INFO:root:muscle installed and working fine
INFO:root:pip3 install biopython
INFO:root:pip3 install biopython
INFO:root:All dependencies installed
INFO:root:mkdir pokoro@luc.edu
INFO:root:mkdir pokoro@luc.edu
INFO:root:cp -rf BLCA /var/www/blca.cs.luc.edu/public_html/Web-BLCA/mainLoop/pokoro@luc.edu
INFO:root:cp -rf BLCA /var/www/blca.cs.luc.edu/public_html/Web-BLCA/mainLoop/pokoro@luc.edu
INFO:root:python3 2.blca_main.py -i data.fasta
INFO:root:python3 2.blca_main.py -i data.fasta
INFO:root:Sending email to pokoro@luc.edu
INFO:root:git installed and working fine
INFO:root:python3 installed and working fine
INFO:root:clustalo installed and working fine
INFO:root:muscle installed and working fine
INFO:root:pip3 install biopython
INFO:root:pip3 install biopython
INFO:root:All dependencies installed
INFO:root:mkdir pokoro@luc.edu
INFO:root:mkdir pokoro@luc.edu
INFO:root:cp -rf BLCA /var/www/blca.cs.luc.edu/public_html/Web-BLCA/mainLoop/pokoro@luc.edu
INFO:root:cp -rf BLCA /var/www/blca.cs.luc.edu/public_html/Web-BLCA/mainLoop/pokoro@luc.edu
INFO:root:python3 2.blca_main.py -i data.fasta
INFO:root:python3 2.blca_main.py -i data.fasta
INFO:root:Sending email to pokoro@luc.edu
INFO:root:git installed and working fine
INFO:root:python3 installed and working fine
INFO:root:clustalo installed and working fine
INFO:root:muscle installed and working fine
INFO:root:pip3 install biopython
INFO:root:pip3 install biopython
INFO:root:All dependencies installed
INFO:root:mkdir 42b7f0c7-5b19-11e9-a241-000c2943dba5
INFO:root:pokoro@luc.eduexists, making subdirectory
INFO:root:cp -rf BLCA /var/www/blca.cs.luc.edu/public_html/Web-BLCA/mainLoop/pokoro@luc.edu/42b7f0c7-5b19-11e9-a241-000c2943dba5
INFO:root:Copying BLCA into new user directory
INFO:root:python3 2.blca_main.py -i data.fasta
INFO:root:python3 2.blca_main.py -i data.fasta
INFO:root:Sending email to pokoro@luc.edu
INFO:root:git installed and working fine
INFO:root:python3 installed and working fine
INFO:root:clustalo installed and working fine
INFO:root:muscle installed and working fine
INFO:root:pip3 install biopython
INFO:root:pip3 install biopython
INFO:root:All dependencies installed
INFO:root:mkdir 8ba44ffa-5b19-11e9-a241-000c2943dba5
INFO:root:pokoro@luc.eduexists, making subdirectory
INFO:root:cp -rf BLCA /var/www/blca.cs.luc.edu/public_html/Web-BLCA/mainLoop/pokoro@luc.edu/8ba44ffa-5b19-11e9-a241-000c2943dba5
INFO:root:Copying BLCA into new user directory
INFO:root:python3 2.blca_main.py -i data.fasta
INFO:root:git installed and working fine
INFO:root:python3 installed and working fine
INFO:root:clustalo installed and working fine
INFO:root:muscle installed and working fine
INFO:root:pip3 install biopython
INFO:root:pip3 install biopython
INFO:root:All dependencies installed
INFO:root:git installed and working fine
INFO:root:python3 installed and working fine
INFO:root:clustalo installed and working fine
INFO:root:muscle installed and working fine
INFO:root:pip3 install biopython
INFO:root:pip3 install biopython
INFO:root:All dependencies installed
INFO:root:mkdir pokoro@luc.edu
INFO:root:mkdir pokoro@luc.edu
INFO:root:cp -rf BLCA /var/www/blca.cs.luc.edu/public_html/Web-BLCA/mainLoop/pokoro@luc.edu
INFO:root:cp -rf BLCA /var/www/blca.cs.luc.edu/public_html/Web-BLCA/mainLoop/pokoro@luc.edu
INFO:root:python3 2.blca_main.py -i data.fasta
INFO:root:python3 2.blca_main.py -i data.fasta
INFO:root:Sending email to pokoro@luc.edu
INFO:root:mkdir 703f17bb-5b1a-11e9-a241-000c2943dba5
INFO:root:pokoro@luc.eduexists, making subdirectory
INFO:root:cp -rf BLCA /var/www/blca.cs.luc.edu/public_html/Web-BLCA/mainLoop/pokoro@luc.edu/703f17bb-5b1a-11e9-a241-000c2943dba5
INFO:root:Copying BLCA into new user directory
INFO:root:python3 2.blca_main.py -i data.fasta
INFO:root:git installed and working fine
INFO:root:python3 installed and working fine
INFO:root:clustalo installed and working fine
INFO:root:muscle installed and working fine
INFO:root:pip3 install biopython
INFO:root:pip3 install biopython
INFO:root:All dependencies installed
INFO:root:rm preq.txt
INFO:root:mkdir pokoro@luc.edu
INFO:root:mkdir pokoro@luc.edu
INFO:root:cp -rf BLCA /var/www/blca.cs.luc.edu/public_html/Web-BLCA/mainLoop/pokoro@luc.edu
INFO:root:cp -rf BLCA /var/www/blca.cs.luc.edu/public_html/Web-BLCA/mainLoop/pokoro@luc.edu
INFO:root:python3 2.blca_main.py -i data.fasta
INFO:root:python3 2.blca_main.py -i data.fasta
INFO:root:Sending email to pokoro@luc.edu
